{"numFailedTestSuites":0,"numFailedTests":0,"numPassedTestSuites":2,"numPassedTests":4,"numPendingTestSuites":0,"numPendingTests":0,"numRuntimeErrorTestSuites":0,"numTodoTests":0,"numTotalTestSuites":2,"numTotalTests":4,"openHandles":[],"snapshot":{"added":0,"didUpdate":false,"failure":false,"filesAdded":0,"filesRemoved":0,"filesRemovedList":[],"filesUnmatched":0,"filesUpdated":0,"matched":0,"total":0,"unchecked":0,"uncheckedKeysByFile":[],"unmatched":0,"updated":0},"startTime":1678735023106,"success":true,"testResults":[{"assertionResults":[{"ancestorTitles":[],"duration":35,"failureDetails":[],"failureMessages":[],"fullName":"greet renders correctly","invocations":1,"location":null,"numPassingAsserts":1,"retryReasons":[],"status":"passed","title":"greet renders correctly"},{"ancestorTitles":[],"duration":3,"failureDetails":[],"failureMessages":[],"fullName":"greet renders with a name","invocations":1,"location":null,"numPassingAsserts":1,"retryReasons":[],"status":"passed","title":"greet renders with a name"},{"ancestorTitles":[],"duration":3,"failureDetails":[],"failureMessages":[],"fullName":"greet with name","invocations":1,"location":null,"numPassingAsserts":1,"retryReasons":[],"status":"passed","title":"greet with name"}],"endTime":1678735028297,"message":"","name":"W:\\react-testing\\src\\components\\greet\\greet.test.tsx","startTime":1678735023829,"status":"passed","summary":""},{"assertionResults":[{"ancestorTitles":[],"duration":32,"failureDetails":[],"failureMessages":[],"fullName":"renders learn react link","invocations":1,"location":null,"numPassingAsserts":1,"retryReasons":[],"status":"passed","title":"renders learn react link"}],"endTime":1678735029458,"message":"","name":"W:\\react-testing\\src\\App.test.tsx","startTime":1678735023828,"status":"passed","summary":""}],"wasInterrupted":false}
